[debug] [2023-12-20T12:01:53.344Z] ----------------------------------------------------------------------
[debug] [2023-12-20T12:01:53.347Z] Command:       C:\Program Files\nodejs\node.exe C:\Users\Hassan Mustafa\AppData\Roaming\npm\node_modules\firebase-tools\lib\bin\firebase.js init
[debug] [2023-12-20T12:01:53.347Z] CLI Version:   13.0.2
[debug] [2023-12-20T12:01:53.348Z] Platform:      win32
[debug] [2023-12-20T12:01:53.348Z] Node Version:  v20.7.0
[debug] [2023-12-20T12:01:53.348Z] Time:          Wed Dec 20 2023 17:01:53 GMT+0500 (Pakistan Standard Time)
[debug] [2023-12-20T12:01:53.348Z] ----------------------------------------------------------------------
[debug] 
[debug] [2023-12-20T12:01:53.355Z] > command requires scopes: ["email","openid","https://www.googleapis.com/auth/cloudplatformprojects.readonly","https://www.googleapis.com/auth/firebase","https://www.googleapis.com/auth/cloud-platform"]
[debug] [2023-12-20T12:01:53.355Z] > authorizing via signed-in user (syed.hassanmustafa2070@gmail.com)
[info] 
     ######## #### ########  ######## ########     ###     ######  ########
     ##        ##  ##     ## ##       ##     ##  ##   ##  ##       ##
     ######    ##  ########  ######   ########  #########  ######  ######
     ##        ##  ##    ##  ##       ##     ## ##     ##       ## ##
     ##       #### ##     ## ######## ########  ##     ##  ######  ########

You're about to initialize a Firebase project in this directory:

  C:\Users\Hassan Mustafa\Desktop\Web Development\Next\clearcreditapp

[info] 
=== Project Setup
[info] 
[info] First, let's associate this project directory with a Firebase project.
[info] You can create multiple project aliases by running firebase use --add, 
[info] but for now we'll just set up a default project.
[info] 
[debug] [2023-12-20T12:02:24.118Z] >>> [apiv2][query] GET https://firebase.googleapis.com/v1beta1/projects pageSize=100
[debug] [2023-12-20T12:02:24.901Z] <<< [apiv2][status] GET https://firebase.googleapis.com/v1beta1/projects 200
[debug] [2023-12-20T12:02:24.902Z] <<< [apiv2][body] GET https://firebase.googleapis.com/v1beta1/projects [omitted]
[info] i  Using project clear-credit-admin-side (clear-credit-admin-side) 
[info] 
=== Hosting Setup
[debug] [2023-12-20T12:02:28.184Z] >>> [apiv2][query] GET https://firebase.googleapis.com/v1beta1/projects/clear-credit-admin-side [none]
[debug] [2023-12-20T12:02:28.514Z] <<< [apiv2][status] GET https://firebase.googleapis.com/v1beta1/projects/clear-credit-admin-side 200
[debug] [2023-12-20T12:02:28.515Z] <<< [apiv2][body] GET https://firebase.googleapis.com/v1beta1/projects/clear-credit-admin-side {"projectId":"clear-credit-admin-side","projectNumber":"215476452985","displayName":"clear-credit-admin-side","name":"projects/clear-credit-admin-side","resources":{"hostingSite":"clear-credit-admin-side"},"state":"ACTIVE","etag":"1_93552b45-54e4-490d-b94f-b9b12a965f4d"}
[info] 
[info] Your public directory is the folder (relative to your project directory) that
[info] will contain Hosting assets to be uploaded with firebase deploy. If you
[info] have a build process for your assets, use your build's output directory.
[info] 
